2026-01-28 13:20:34,981 [INFO] org.studyeasy._9springreact.Application [main] Starting Application using Java 21.0.9 with PID 20024 (C:\Users\barba\IdeaProjects\52ReactProject\backend\target\classes started by barba in C:\Users\barba\IdeaProjects\52ReactProject\backend)
2026-01-28 13:20:34,995 [DEBUG] org.studyeasy._9springreact.Application [main] Running with Spring Boot v3.3.4, Spring v6.1.13
2026-01-28 13:20:34,996 [INFO] org.studyeasy._9springreact.Application [main] No active profile set, falling back to 1 default profile: "default"
2026-01-28 13:20:36,087 [INFO] org.springframework.data.repository.config.RepositoryConfigurationDelegate [main] Bootstrapping Spring Data JPA repositories in DEFAULT mode.
2026-01-28 13:20:36,151 [INFO] org.springframework.data.repository.config.RepositoryConfigurationDelegate [main] Finished Spring Data repository scanning in 56 ms. Found 3 JPA repository interfaces.
2026-01-28 13:20:36,712 [INFO] org.springframework.boot.web.embedded.tomcat.TomcatWebServer [main] Tomcat initialized with port 8080 (http)
2026-01-28 13:20:36,728 [INFO] org.apache.catalina.core.StandardService [main] Starting service [Tomcat]
2026-01-28 13:20:36,728 [INFO] org.apache.catalina.core.StandardEngine [main] Starting Servlet engine: [Apache Tomcat/10.1.30]
2026-01-28 13:20:36,809 [INFO] org.apache.catalina.core.ContainerBase.[Tomcat].[localhost].[/] [main] Initializing Spring embedded WebApplicationContext
2026-01-28 13:20:36,809 [INFO] org.springframework.boot.web.servlet.context.ServletWebServerApplicationContext [main] Root WebApplicationContext: initialization completed in 1740 ms
2026-01-28 13:20:36,856 [INFO] com.zaxxer.hikari.HikariDataSource [main] HikariPool-1 - Starting...
2026-01-28 13:20:37,268 [INFO] com.zaxxer.hikari.pool.HikariPool [main] HikariPool-1 - Added connection conn0: url=jdbc:h2:file:./db/db user=ADMIN
2026-01-28 13:20:37,271 [INFO] com.zaxxer.hikari.HikariDataSource [main] HikariPool-1 - Start completed.
2026-01-28 13:20:37,290 [INFO] org.springframework.boot.autoconfigure.h2.H2ConsoleAutoConfiguration [main] H2 console available at '/db-console'. Database available at 'jdbc:h2:file:./db/db'
2026-01-28 13:20:37,532 [INFO] org.hibernate.jpa.internal.util.LogHelper [main] HHH000204: Processing PersistenceUnitInfo [name: default]
2026-01-28 13:20:37,658 [INFO] org.hibernate.Version [main] HHH000412: Hibernate ORM core version 6.5.3.Final
2026-01-28 13:20:37,780 [INFO] org.hibernate.cache.internal.RegionFactoryInitiator [main] HHH000026: Second-level cache disabled
2026-01-28 13:20:38,294 [INFO] org.springframework.orm.jpa.persistenceunit.SpringPersistenceUnitInfo [main] No LoadTimeWeaver setup: ignoring JPA class transformer
2026-01-28 13:20:38,361 [WARN] org.hibernate.orm.deprecation [main] HHH90000025: H2Dialect does not need to be specified explicitly using 'hibernate.dialect' (remove the property setting and it will be selected by default)
2026-01-28 13:20:39,661 [INFO] org.hibernate.engine.transaction.jta.platform.internal.JtaPlatformInitiator [main] HHH000489: No JTA platform available (set 'hibernate.transaction.jta.platform' to enable JTA platform integration)
2026-01-28 13:20:39,755 [INFO] org.springframework.orm.jpa.LocalContainerEntityManagerFactoryBean [main] Initialized JPA EntityManagerFactory for persistence unit 'default'
2026-01-28 13:20:41,625 [WARN] org.springframework.boot.autoconfigure.orm.jpa.JpaBaseConfiguration$JpaWebConfiguration [main] spring.jpa.open-in-view is enabled by default. Therefore, database queries may be performed during view rendering. Explicitly configure spring.jpa.open-in-view to disable this warning
2026-01-28 13:20:41,647 [INFO] org.springframework.security.config.annotation.authentication.configuration.InitializeUserDetailsBeanManagerConfigurer$InitializeUserDetailsManagerConfigurer [main] Global AuthenticationManager configured with UserDetailsService bean with name accountService
2026-01-28 13:20:42,697 [INFO] org.springframework.boot.web.embedded.tomcat.TomcatWebServer [main] Tomcat started on port 8080 (http) with context path '/'
2026-01-28 13:20:42,709 [INFO] org.studyeasy._9springreact.Application [main] Started Application in 8.323 seconds (process running for 9.206)
2026-01-28 13:20:42,775 [INFO] org.apache.catalina.core.ContainerBase.[Tomcat].[localhost].[/] [http-nio-8080-exec-1] Initializing Spring DispatcherServlet 'dispatcherServlet'
2026-01-28 13:20:42,775 [INFO] org.springframework.web.servlet.DispatcherServlet [http-nio-8080-exec-1] Initializing Servlet 'dispatcherServlet'
2026-01-28 13:20:42,777 [INFO] org.springframework.web.servlet.DispatcherServlet [http-nio-8080-exec-1] Completed initialization in 2 ms
2026-01-28 13:20:44,387 [INFO] org.springdoc.api.AbstractOpenApiResource [http-nio-8080-exec-4] Init duration for springdoc-openapi is: 305 ms
2026-01-28 13:44:45,040 [INFO] org.springframework.orm.jpa.LocalContainerEntityManagerFactoryBean [SpringApplicationShutdownHook] Closing JPA EntityManagerFactory for persistence unit 'default'
2026-01-28 13:44:45,043 [INFO] com.zaxxer.hikari.HikariDataSource [SpringApplicationShutdownHook] HikariPool-1 - Shutdown initiated...
2026-01-28 13:44:45,044 [INFO] com.zaxxer.hikari.HikariDataSource [SpringApplicationShutdownHook] HikariPool-1 - Shutdown completed.
2026-01-28 13:44:49,559 [INFO] org.studyeasy._9springreact.Application [main] Starting Application using Java 21.0.9 with PID 1892 (C:\Users\barba\IdeaProjects\52ReactProject\backend\target\classes started by barba in C:\Users\barba\IdeaProjects\52ReactProject\backend)
2026-01-28 13:44:49,561 [DEBUG] org.studyeasy._9springreact.Application [main] Running with Spring Boot v3.3.4, Spring v6.1.13
2026-01-28 13:44:49,562 [INFO] org.studyeasy._9springreact.Application [main] No active profile set, falling back to 1 default profile: "default"
2026-01-28 13:44:50,552 [INFO] org.springframework.data.repository.config.RepositoryConfigurationDelegate [main] Bootstrapping Spring Data JPA repositories in DEFAULT mode.
2026-01-28 13:44:50,606 [INFO] org.springframework.data.repository.config.RepositoryConfigurationDelegate [main] Finished Spring Data repository scanning in 47 ms. Found 3 JPA repository interfaces.
2026-01-28 13:44:51,052 [INFO] org.springframework.boot.web.embedded.tomcat.TomcatWebServer [main] Tomcat initialized with port 8080 (http)
2026-01-28 13:44:51,064 [INFO] org.apache.catalina.core.StandardService [main] Starting service [Tomcat]
2026-01-28 13:44:51,065 [INFO] org.apache.catalina.core.StandardEngine [main] Starting Servlet engine: [Apache Tomcat/10.1.30]
2026-01-28 13:44:51,117 [INFO] org.apache.catalina.core.ContainerBase.[Tomcat].[localhost].[/] [main] Initializing Spring embedded WebApplicationContext
2026-01-28 13:44:51,118 [INFO] org.springframework.boot.web.servlet.context.ServletWebServerApplicationContext [main] Root WebApplicationContext: initialization completed in 1439 ms
2026-01-28 13:44:51,145 [INFO] com.zaxxer.hikari.HikariDataSource [main] HikariPool-1 - Starting...
2026-01-28 13:44:51,357 [INFO] com.zaxxer.hikari.pool.HikariPool [main] HikariPool-1 - Added connection conn0: url=jdbc:h2:file:./db/db user=ADMIN
2026-01-28 13:44:51,359 [INFO] com.zaxxer.hikari.HikariDataSource [main] HikariPool-1 - Start completed.
2026-01-28 13:44:51,367 [INFO] org.springframework.boot.autoconfigure.h2.H2ConsoleAutoConfiguration [main] H2 console available at '/db-console'. Database available at 'jdbc:h2:file:./db/db'
2026-01-28 13:44:51,479 [INFO] org.hibernate.jpa.internal.util.LogHelper [main] HHH000204: Processing PersistenceUnitInfo [name: default]
2026-01-28 13:44:51,528 [INFO] org.hibernate.Version [main] HHH000412: Hibernate ORM core version 6.5.3.Final
2026-01-28 13:44:51,559 [INFO] org.hibernate.cache.internal.RegionFactoryInitiator [main] HHH000026: Second-level cache disabled
2026-01-28 13:44:51,834 [INFO] org.springframework.orm.jpa.persistenceunit.SpringPersistenceUnitInfo [main] No LoadTimeWeaver setup: ignoring JPA class transformer
2026-01-28 13:44:51,875 [WARN] org.hibernate.orm.deprecation [main] HHH90000025: H2Dialect does not need to be specified explicitly using 'hibernate.dialect' (remove the property setting and it will be selected by default)
2026-01-28 13:44:52,735 [INFO] org.hibernate.engine.transaction.jta.platform.internal.JtaPlatformInitiator [main] HHH000489: No JTA platform available (set 'hibernate.transaction.jta.platform' to enable JTA platform integration)
2026-01-28 13:44:52,784 [INFO] org.springframework.orm.jpa.LocalContainerEntityManagerFactoryBean [main] Initialized JPA EntityManagerFactory for persistence unit 'default'
2026-01-28 13:44:54,201 [WARN] org.springframework.boot.autoconfigure.orm.jpa.JpaBaseConfiguration$JpaWebConfiguration [main] spring.jpa.open-in-view is enabled by default. Therefore, database queries may be performed during view rendering. Explicitly configure spring.jpa.open-in-view to disable this warning
2026-01-28 13:44:54,215 [INFO] org.springframework.security.config.annotation.authentication.configuration.InitializeUserDetailsBeanManagerConfigurer$InitializeUserDetailsManagerConfigurer [main] Global AuthenticationManager configured with UserDetailsService bean with name accountService
2026-01-28 13:44:54,743 [INFO] org.springframework.boot.web.embedded.tomcat.TomcatWebServer [main] Tomcat started on port 8080 (http) with context path '/'
2026-01-28 13:44:54,751 [INFO] org.studyeasy._9springreact.Application [main] Started Application in 6.29 seconds (process running for 7.427)
2026-01-28 13:45:14,686 [INFO] org.apache.catalina.core.ContainerBase.[Tomcat].[localhost].[/] [http-nio-8080-exec-1] Initializing Spring DispatcherServlet 'dispatcherServlet'
2026-01-28 13:45:14,686 [INFO] org.springframework.web.servlet.DispatcherServlet [http-nio-8080-exec-1] Initializing Servlet 'dispatcherServlet'
2026-01-28 13:45:14,687 [INFO] org.springframework.web.servlet.DispatcherServlet [http-nio-8080-exec-1] Completed initialization in 1 ms
2026-01-28 14:16:46,227 [WARN] org.springframework.web.servlet.mvc.support.DefaultHandlerExceptionResolver [http-nio-8080-exec-6] Resolved [org.springframework.web.method.annotation.MethodArgumentTypeMismatchException: Failed to convert value of type 'java.lang.String' to required type 'long'; For input string: "null"]
2026-01-28 14:16:46,251 [WARN] org.springframework.web.servlet.mvc.support.DefaultHandlerExceptionResolver [http-nio-8080-exec-2] Resolved [org.springframework.web.method.annotation.MethodArgumentTypeMismatchException: Failed to convert value of type 'java.lang.String' to required type 'long'; For input string: "null"]
2026-01-28 14:17:07,130 [WARN] org.springframework.web.servlet.mvc.support.DefaultHandlerExceptionResolver [http-nio-8080-exec-9] Resolved [org.springframework.web.method.annotation.MethodArgumentTypeMismatchException: Failed to convert value of type 'java.lang.String' to required type 'long'; For input string: "null"]
2026-01-28 14:17:07,377 [WARN] org.springframework.web.servlet.mvc.support.DefaultHandlerExceptionResolver [http-nio-8080-exec-3] Resolved [org.springframework.web.method.annotation.MethodArgumentTypeMismatchException: Failed to convert value of type 'java.lang.String' to required type 'long'; For input string: "null"]
2026-01-28 14:19:31,846 [WARN] org.springframework.web.servlet.mvc.support.DefaultHandlerExceptionResolver [http-nio-8080-exec-4] Resolved [org.springframework.web.method.annotation.MethodArgumentTypeMismatchException: Failed to convert value of type 'java.lang.String' to required type 'long'; For input string: "null"]
2026-01-28 14:19:31,858 [WARN] org.springframework.web.servlet.mvc.support.DefaultHandlerExceptionResolver [http-nio-8080-exec-7] Resolved [org.springframework.web.method.annotation.MethodArgumentTypeMismatchException: Failed to convert value of type 'java.lang.String' to required type 'long'; For input string: "null"]
2026-01-28 14:19:35,979 [WARN] org.springframework.web.servlet.mvc.support.DefaultHandlerExceptionResolver [http-nio-8080-exec-6] Resolved [org.springframework.web.method.annotation.MethodArgumentTypeMismatchException: Failed to convert value of type 'java.lang.String' to required type 'long'; For input string: "null"]
2026-01-28 14:19:36,249 [WARN] org.springframework.web.servlet.mvc.support.DefaultHandlerExceptionResolver [http-nio-8080-exec-2] Resolved [org.springframework.web.method.annotation.MethodArgumentTypeMismatchException: Failed to convert value of type 'java.lang.String' to required type 'long'; For input string: "null"]
2026-01-28 14:22:56,462 [WARN] org.springframework.web.servlet.mvc.support.DefaultHandlerExceptionResolver [http-nio-8080-exec-5] Resolved [org.springframework.web.method.annotation.MethodArgumentTypeMismatchException: Failed to convert value of type 'java.lang.String' to required type 'long'; For input string: "null"]
2026-01-28 14:22:58,731 [WARN] org.springframework.web.servlet.mvc.support.DefaultHandlerExceptionResolver [http-nio-8080-exec-9] Resolved [org.springframework.web.method.annotation.MethodArgumentTypeMismatchException: Failed to convert value of type 'java.lang.String' to required type 'long'; For input string: "null"]
2026-01-28 14:22:58,737 [WARN] org.springframework.web.servlet.mvc.support.DefaultHandlerExceptionResolver [http-nio-8080-exec-3] Resolved [org.springframework.web.method.annotation.MethodArgumentTypeMismatchException: Failed to convert value of type 'java.lang.String' to required type 'long'; For input string: "null"]
2026-01-28 14:28:47,438 [WARN] org.springframework.web.servlet.mvc.support.DefaultHandlerExceptionResolver [http-nio-8080-exec-8] Resolved [org.springframework.web.method.annotation.MethodArgumentTypeMismatchException: Failed to convert value of type 'java.lang.String' to required type 'long'; For input string: "null"]
2026-01-28 14:28:59,787 [WARN] org.springframework.web.servlet.mvc.support.DefaultHandlerExceptionResolver [http-nio-8080-exec-3] Resolved [org.springframework.web.method.annotation.MethodArgumentTypeMismatchException: Failed to convert value of type 'java.lang.String' to required type 'long'; For input string: "null"]
2026-01-28 14:28:59,793 [WARN] org.springframework.web.servlet.mvc.support.DefaultHandlerExceptionResolver [http-nio-8080-exec-10] Resolved [org.springframework.web.method.annotation.MethodArgumentTypeMismatchException: Failed to convert value of type 'java.lang.String' to required type 'long'; For input string: "null"]
2026-01-28 14:30:46,623 [WARN] org.springframework.web.servlet.mvc.support.DefaultHandlerExceptionResolver [http-nio-8080-exec-2] Resolved [org.springframework.web.method.annotation.MethodArgumentTypeMismatchException: Failed to convert value of type 'java.lang.String' to required type 'long'; For input string: "null"]
2026-01-28 14:30:46,630 [WARN] org.springframework.web.servlet.mvc.support.DefaultHandlerExceptionResolver [http-nio-8080-exec-8] Resolved [org.springframework.web.method.annotation.MethodArgumentTypeMismatchException: Failed to convert value of type 'java.lang.String' to required type 'long'; For input string: "null"]
2026-01-28 14:30:51,077 [WARN] org.springframework.web.servlet.mvc.support.DefaultHandlerExceptionResolver [http-nio-8080-exec-9] Resolved [org.springframework.web.method.annotation.MethodArgumentTypeMismatchException: Failed to convert value of type 'java.lang.String' to required type 'long'; For input string: "null"]
2026-01-28 14:30:51,084 [WARN] org.springframework.web.servlet.mvc.support.DefaultHandlerExceptionResolver [http-nio-8080-exec-6] Resolved [org.springframework.web.method.annotation.MethodArgumentTypeMismatchException: Failed to convert value of type 'java.lang.String' to required type 'long'; For input string: "null"]
2026-01-28 14:33:17,123 [INFO] org.springframework.orm.jpa.LocalContainerEntityManagerFactoryBean [SpringApplicationShutdownHook] Closing JPA EntityManagerFactory for persistence unit 'default'
2026-01-28 14:33:17,126 [INFO] com.zaxxer.hikari.HikariDataSource [SpringApplicationShutdownHook] HikariPool-1 - Shutdown initiated...
2026-01-28 14:33:17,129 [INFO] com.zaxxer.hikari.HikariDataSource [SpringApplicationShutdownHook] HikariPool-1 - Shutdown completed.
2026-01-28 14:33:22,630 [INFO] org.studyeasy._9springreact.Application [main] Starting Application using Java 21.0.9 with PID 21152 (C:\Users\barba\IdeaProjects\52ReactProject\backend\target\classes started by barba in C:\Users\barba\IdeaProjects\52ReactProject\backend)
2026-01-28 14:33:22,631 [DEBUG] org.studyeasy._9springreact.Application [main] Running with Spring Boot v3.3.4, Spring v6.1.13
2026-01-28 14:33:22,632 [INFO] org.studyeasy._9springreact.Application [main] No active profile set, falling back to 1 default profile: "default"
2026-01-28 14:33:23,573 [INFO] org.springframework.data.repository.config.RepositoryConfigurationDelegate [main] Bootstrapping Spring Data JPA repositories in DEFAULT mode.
2026-01-28 14:33:23,647 [INFO] org.springframework.data.repository.config.RepositoryConfigurationDelegate [main] Finished Spring Data repository scanning in 66 ms. Found 3 JPA repository interfaces.
2026-01-28 14:33:24,138 [INFO] org.springframework.boot.web.embedded.tomcat.TomcatWebServer [main] Tomcat initialized with port 8080 (http)
2026-01-28 14:33:24,149 [INFO] org.apache.catalina.core.StandardService [main] Starting service [Tomcat]
2026-01-28 14:33:24,150 [INFO] org.apache.catalina.core.StandardEngine [main] Starting Servlet engine: [Apache Tomcat/10.1.30]
2026-01-28 14:33:24,229 [INFO] org.apache.catalina.core.ContainerBase.[Tomcat].[localhost].[/] [main] Initializing Spring embedded WebApplicationContext
2026-01-28 14:33:24,229 [INFO] org.springframework.boot.web.servlet.context.ServletWebServerApplicationContext [main] Root WebApplicationContext: initialization completed in 1541 ms
2026-01-28 14:33:24,259 [INFO] com.zaxxer.hikari.HikariDataSource [main] HikariPool-1 - Starting...
2026-01-28 14:33:24,505 [INFO] com.zaxxer.hikari.pool.HikariPool [main] HikariPool-1 - Added connection conn0: url=jdbc:h2:file:./db/db user=ADMIN
2026-01-28 14:33:24,506 [INFO] com.zaxxer.hikari.HikariDataSource [main] HikariPool-1 - Start completed.
2026-01-28 14:33:24,516 [INFO] org.springframework.boot.autoconfigure.h2.H2ConsoleAutoConfiguration [main] H2 console available at '/db-console'. Database available at 'jdbc:h2:file:./db/db'
2026-01-28 14:33:24,644 [INFO] org.hibernate.jpa.internal.util.LogHelper [main] HHH000204: Processing PersistenceUnitInfo [name: default]
2026-01-28 14:33:24,697 [INFO] org.hibernate.Version [main] HHH000412: Hibernate ORM core version 6.5.3.Final
2026-01-28 14:33:24,736 [INFO] org.hibernate.cache.internal.RegionFactoryInitiator [main] HHH000026: Second-level cache disabled
2026-01-28 14:33:25,027 [INFO] org.springframework.orm.jpa.persistenceunit.SpringPersistenceUnitInfo [main] No LoadTimeWeaver setup: ignoring JPA class transformer
2026-01-28 14:33:25,075 [WARN] org.hibernate.orm.deprecation [main] HHH90000025: H2Dialect does not need to be specified explicitly using 'hibernate.dialect' (remove the property setting and it will be selected by default)
2026-01-28 14:33:26,087 [INFO] org.hibernate.engine.transaction.jta.platform.internal.JtaPlatformInitiator [main] HHH000489: No JTA platform available (set 'hibernate.transaction.jta.platform' to enable JTA platform integration)
2026-01-28 14:33:26,138 [INFO] org.springframework.orm.jpa.LocalContainerEntityManagerFactoryBean [main] Initialized JPA EntityManagerFactory for persistence unit 'default'
2026-01-28 14:33:27,323 [WARN] org.springframework.boot.autoconfigure.orm.jpa.JpaBaseConfiguration$JpaWebConfiguration [main] spring.jpa.open-in-view is enabled by default. Therefore, database queries may be performed during view rendering. Explicitly configure spring.jpa.open-in-view to disable this warning
2026-01-28 14:33:27,339 [INFO] org.springframework.security.config.annotation.authentication.configuration.InitializeUserDetailsBeanManagerConfigurer$InitializeUserDetailsManagerConfigurer [main] Global AuthenticationManager configured with UserDetailsService bean with name accountService
2026-01-28 14:33:27,909 [INFO] org.springframework.boot.web.embedded.tomcat.TomcatWebServer [main] Tomcat started on port 8080 (http) with context path '/'
2026-01-28 14:33:27,917 [INFO] org.studyeasy._9springreact.Application [main] Started Application in 5.873 seconds (process running for 6.623)
2026-01-28 14:33:31,974 [INFO] org.apache.catalina.core.ContainerBase.[Tomcat].[localhost].[/] [http-nio-8080-exec-1] Initializing Spring DispatcherServlet 'dispatcherServlet'
2026-01-28 14:33:31,975 [INFO] org.springframework.web.servlet.DispatcherServlet [http-nio-8080-exec-1] Initializing Servlet 'dispatcherServlet'
2026-01-28 14:33:31,976 [INFO] org.springframework.web.servlet.DispatcherServlet [http-nio-8080-exec-1] Completed initialization in 0 ms
2026-01-28 14:34:55,125 [WARN] org.springframework.web.servlet.mvc.support.DefaultHandlerExceptionResolver [http-nio-8080-exec-7] Resolved [org.springframework.web.method.annotation.MethodArgumentTypeMismatchException: Failed to convert value of type 'java.lang.String' to required type 'long'; For input string: "null"]
2026-01-28 14:34:55,146 [WARN] org.springframework.web.servlet.mvc.support.DefaultHandlerExceptionResolver [http-nio-8080-exec-8] Resolved [org.springframework.web.method.annotation.MethodArgumentTypeMismatchException: Failed to convert value of type 'java.lang.String' to required type 'long'; For input string: "null"]
2026-01-28 14:35:02,660 [WARN] org.springframework.web.servlet.mvc.support.DefaultHandlerExceptionResolver [http-nio-8080-exec-9] Resolved [org.springframework.web.method.annotation.MethodArgumentTypeMismatchException: Failed to convert value of type 'java.lang.String' to required type 'long'; For input string: "null"]
2026-01-28 14:35:02,680 [WARN] org.springframework.web.servlet.mvc.support.DefaultHandlerExceptionResolver [http-nio-8080-exec-10] Resolved [org.springframework.web.method.annotation.MethodArgumentTypeMismatchException: Failed to convert value of type 'java.lang.String' to required type 'long'; For input string: "null"]
2026-01-28 14:35:40,412 [WARN] org.springframework.web.servlet.mvc.support.DefaultHandlerExceptionResolver [http-nio-8080-exec-1] Resolved [org.springframework.web.method.annotation.MethodArgumentTypeMismatchException: Failed to convert value of type 'java.lang.String' to required type 'long'; For input string: "null"]
2026-01-28 14:40:56,135 [WARN] org.springframework.web.servlet.mvc.support.DefaultHandlerExceptionResolver [http-nio-8080-exec-4] Resolved [org.springframework.web.method.annotation.MethodArgumentTypeMismatchException: Failed to convert value of type 'java.lang.String' to required type 'long'; For input string: "null"]
2026-01-28 14:40:56,145 [WARN] org.springframework.web.servlet.mvc.support.DefaultHandlerExceptionResolver [http-nio-8080-exec-6] Resolved [org.springframework.web.method.annotation.MethodArgumentTypeMismatchException: Failed to convert value of type 'java.lang.String' to required type 'long'; For input string: "null"]
2026-01-28 14:41:01,022 [WARN] org.springframework.web.servlet.mvc.support.DefaultHandlerExceptionResolver [http-nio-8080-exec-7] Resolved [org.springframework.web.method.annotation.MethodArgumentTypeMismatchException: Failed to convert value of type 'java.lang.String' to required type 'long'; For input string: "null"]
2026-01-28 14:41:01,342 [WARN] org.springframework.web.servlet.mvc.support.DefaultHandlerExceptionResolver [http-nio-8080-exec-8] Resolved [org.springframework.web.method.annotation.MethodArgumentTypeMismatchException: Failed to convert value of type 'java.lang.String' to required type 'long'; For input string: "null"]
2026-01-28 14:47:09,327 [INFO] org.springframework.orm.jpa.LocalContainerEntityManagerFactoryBean [SpringApplicationShutdownHook] Closing JPA EntityManagerFactory for persistence unit 'default'
2026-01-28 14:47:09,329 [INFO] com.zaxxer.hikari.HikariDataSource [SpringApplicationShutdownHook] HikariPool-1 - Shutdown initiated...
2026-01-28 14:47:09,330 [INFO] com.zaxxer.hikari.HikariDataSource [SpringApplicationShutdownHook] HikariPool-1 - Shutdown completed.
2026-01-28 14:47:11,479 [INFO] org.studyeasy._9springreact.Application [main] Starting Application using Java 21.0.9 with PID 6752 (C:\Users\barba\IdeaProjects\52ReactProject\backend\target\classes started by barba in C:\Users\barba\IdeaProjects\52ReactProject\backend)
2026-01-28 14:47:11,480 [DEBUG] org.studyeasy._9springreact.Application [main] Running with Spring Boot v3.3.4, Spring v6.1.13
2026-01-28 14:47:11,481 [INFO] org.studyeasy._9springreact.Application [main] No active profile set, falling back to 1 default profile: "default"
2026-01-28 14:47:12,182 [INFO] org.springframework.data.repository.config.RepositoryConfigurationDelegate [main] Bootstrapping Spring Data JPA repositories in DEFAULT mode.
2026-01-28 14:47:12,236 [INFO] org.springframework.data.repository.config.RepositoryConfigurationDelegate [main] Finished Spring Data repository scanning in 48 ms. Found 3 JPA repository interfaces.
2026-01-28 14:47:12,654 [INFO] org.springframework.boot.web.embedded.tomcat.TomcatWebServer [main] Tomcat initialized with port 8080 (http)
2026-01-28 14:47:12,665 [INFO] org.apache.catalina.core.StandardService [main] Starting service [Tomcat]
2026-01-28 14:47:12,665 [INFO] org.apache.catalina.core.StandardEngine [main] Starting Servlet engine: [Apache Tomcat/10.1.30]
2026-01-28 14:47:12,725 [INFO] org.apache.catalina.core.ContainerBase.[Tomcat].[localhost].[/] [main] Initializing Spring embedded WebApplicationContext
2026-01-28 14:47:12,725 [INFO] org.springframework.boot.web.servlet.context.ServletWebServerApplicationContext [main] Root WebApplicationContext: initialization completed in 1200 ms
2026-01-28 14:47:12,747 [INFO] com.zaxxer.hikari.HikariDataSource [main] HikariPool-1 - Starting...
2026-01-28 14:47:12,945 [INFO] com.zaxxer.hikari.pool.HikariPool [main] HikariPool-1 - Added connection conn0: url=jdbc:h2:file:./db/db user=ADMIN
2026-01-28 14:47:12,946 [INFO] com.zaxxer.hikari.HikariDataSource [main] HikariPool-1 - Start completed.
2026-01-28 14:47:12,954 [INFO] org.springframework.boot.autoconfigure.h2.H2ConsoleAutoConfiguration [main] H2 console available at '/db-console'. Database available at 'jdbc:h2:file:./db/db'
2026-01-28 14:47:13,058 [INFO] org.hibernate.jpa.internal.util.LogHelper [main] HHH000204: Processing PersistenceUnitInfo [name: default]
2026-01-28 14:47:13,102 [INFO] org.hibernate.Version [main] HHH000412: Hibernate ORM core version 6.5.3.Final
2026-01-28 14:47:13,128 [INFO] org.hibernate.cache.internal.RegionFactoryInitiator [main] HHH000026: Second-level cache disabled
2026-01-28 14:47:13,378 [INFO] org.springframework.orm.jpa.persistenceunit.SpringPersistenceUnitInfo [main] No LoadTimeWeaver setup: ignoring JPA class transformer
2026-01-28 14:47:13,415 [WARN] org.hibernate.orm.deprecation [main] HHH90000025: H2Dialect does not need to be specified explicitly using 'hibernate.dialect' (remove the property setting and it will be selected by default)
2026-01-28 14:47:14,227 [INFO] org.hibernate.engine.transaction.jta.platform.internal.JtaPlatformInitiator [main] HHH000489: No JTA platform available (set 'hibernate.transaction.jta.platform' to enable JTA platform integration)
2026-01-28 14:47:14,274 [INFO] org.springframework.orm.jpa.LocalContainerEntityManagerFactoryBean [main] Initialized JPA EntityManagerFactory for persistence unit 'default'
2026-01-28 14:47:14,977 [WARN] org.springframework.boot.autoconfigure.orm.jpa.JpaBaseConfiguration$JpaWebConfiguration [main] spring.jpa.open-in-view is enabled by default. Therefore, database queries may be performed during view rendering. Explicitly configure spring.jpa.open-in-view to disable this warning
2026-01-28 14:47:14,988 [INFO] org.springframework.security.config.annotation.authentication.configuration.InitializeUserDetailsBeanManagerConfigurer$InitializeUserDetailsManagerConfigurer [main] Global AuthenticationManager configured with UserDetailsService bean with name accountService
2026-01-28 14:47:15,457 [INFO] org.springframework.boot.web.embedded.tomcat.TomcatWebServer [main] Tomcat started on port 8080 (http) with context path '/'
2026-01-28 14:47:15,464 [INFO] org.studyeasy._9springreact.Application [main] Started Application in 4.379 seconds (process running for 4.926)
2026-01-28 14:47:39,421 [INFO] org.apache.catalina.core.ContainerBase.[Tomcat].[localhost].[/] [http-nio-8080-exec-1] Initializing Spring DispatcherServlet 'dispatcherServlet'
2026-01-28 14:47:39,421 [INFO] org.springframework.web.servlet.DispatcherServlet [http-nio-8080-exec-1] Initializing Servlet 'dispatcherServlet'
2026-01-28 14:47:39,423 [INFO] org.springframework.web.servlet.DispatcherServlet [http-nio-8080-exec-1] Completed initialization in 2 ms
2026-01-28 15:15:17,456 [WARN] org.springframework.web.servlet.PageNotFound [http-nio-8080-exec-2] No mapping for GET /api/v1/api/v1/albums/1/photos/2/download-photo
2026-01-28 15:15:17,456 [WARN] org.springframework.web.servlet.PageNotFound [http-nio-8080-exec-1] No mapping for GET /api/v1/api/v1/albums/1/photos/1/download-photo
2026-01-28 15:15:17,458 [WARN] org.springframework.web.servlet.PageNotFound [http-nio-8080-exec-1] No endpoint GET /api/v1/api/v1/albums/1/photos/1/download-photo.
2026-01-28 15:15:17,458 [WARN] org.springframework.web.servlet.PageNotFound [http-nio-8080-exec-2] No endpoint GET /api/v1/api/v1/albums/1/photos/2/download-photo.
2026-01-28 15:15:17,761 [WARN] org.springframework.web.servlet.PageNotFound [http-nio-8080-exec-8] No mapping for GET /api/v1/api/v1/albums/1/photos/3/download-photo
2026-01-28 15:15:17,761 [WARN] org.springframework.web.servlet.PageNotFound [http-nio-8080-exec-7] No mapping for GET /api/v1/api/v1/albums/1/photos/6/download-photo
2026-01-28 15:15:17,762 [WARN] org.springframework.web.servlet.PageNotFound [http-nio-8080-exec-5] No mapping for GET /api/v1/api/v1/albums/1/photos/4/download-photo
2026-01-28 15:15:17,761 [WARN] org.springframework.web.servlet.PageNotFound [http-nio-8080-exec-9] No mapping for GET /api/v1/api/v1/albums/1/photos/5/download-photo
2026-01-28 15:15:17,762 [WARN] org.springframework.web.servlet.PageNotFound [http-nio-8080-exec-8] No endpoint GET /api/v1/api/v1/albums/1/photos/3/download-photo.
2026-01-28 15:15:17,762 [WARN] org.springframework.web.servlet.PageNotFound [http-nio-8080-exec-7] No endpoint GET /api/v1/api/v1/albums/1/photos/6/download-photo.
2026-01-28 15:15:17,762 [WARN] org.springframework.web.servlet.PageNotFound [http-nio-8080-exec-5] No endpoint GET /api/v1/api/v1/albums/1/photos/4/download-photo.
2026-01-28 15:15:17,762 [WARN] org.springframework.web.servlet.PageNotFound [http-nio-8080-exec-9] No endpoint GET /api/v1/api/v1/albums/1/photos/5/download-photo.
2026-01-28 15:15:20,671 [WARN] org.springframework.web.servlet.PageNotFound [http-nio-8080-exec-10] No mapping for GET /api/v1/api/v1/albums/1/photos/1/download-photo
2026-01-28 15:15:20,671 [WARN] org.springframework.web.servlet.PageNotFound [http-nio-8080-exec-10] No endpoint GET /api/v1/api/v1/albums/1/photos/1/download-photo.
2026-01-28 15:15:20,916 [WARN] org.springframework.web.servlet.PageNotFound [http-nio-8080-exec-6] No mapping for GET /api/v1/api/v1/albums/1/photos/2/download-photo
2026-01-28 15:15:20,918 [WARN] org.springframework.web.servlet.PageNotFound [http-nio-8080-exec-6] No endpoint GET /api/v1/api/v1/albums/1/photos/2/download-photo.
2026-01-28 15:15:20,982 [WARN] org.springframework.web.servlet.PageNotFound [http-nio-8080-exec-8] No mapping for GET /api/v1/api/v1/albums/1/photos/5/download-photo
2026-01-28 15:15:20,982 [WARN] org.springframework.web.servlet.PageNotFound [http-nio-8080-exec-2] No mapping for GET /api/v1/api/v1/albums/1/photos/3/download-photo
2026-01-28 15:15:20,982 [WARN] org.springframework.web.servlet.PageNotFound [http-nio-8080-exec-1] No mapping for GET /api/v1/api/v1/albums/1/photos/4/download-photo
2026-01-28 15:15:20,983 [WARN] org.springframework.web.servlet.PageNotFound [http-nio-8080-exec-1] No endpoint GET /api/v1/api/v1/albums/1/photos/4/download-photo.
2026-01-28 15:15:20,983 [WARN] org.springframework.web.servlet.PageNotFound [http-nio-8080-exec-8] No endpoint GET /api/v1/api/v1/albums/1/photos/5/download-photo.
2026-01-28 15:15:20,983 [WARN] org.springframework.web.servlet.PageNotFound [http-nio-8080-exec-2] No endpoint GET /api/v1/api/v1/albums/1/photos/3/download-photo.
2026-01-28 15:15:20,999 [WARN] org.springframework.web.servlet.PageNotFound [http-nio-8080-exec-9] No mapping for GET /api/v1/api/v1/albums/1/photos/6/download-photo
2026-01-28 15:15:20,999 [WARN] org.springframework.web.servlet.PageNotFound [http-nio-8080-exec-7] No mapping for GET /api/v1/api/v1/albums/1/photos/1/download-photo
2026-01-28 15:15:21,000 [WARN] org.springframework.web.servlet.PageNotFound [http-nio-8080-exec-9] No endpoint GET /api/v1/api/v1/albums/1/photos/6/download-photo.
2026-01-28 15:15:21,000 [WARN] org.springframework.web.servlet.PageNotFound [http-nio-8080-exec-7] No endpoint GET /api/v1/api/v1/albums/1/photos/1/download-photo.
2026-01-28 15:15:21,245 [WARN] org.springframework.web.servlet.PageNotFound [http-nio-8080-exec-5] No mapping for GET /api/v1/api/v1/albums/1/photos/2/download-photo
2026-01-28 15:15:21,246 [WARN] org.springframework.web.servlet.PageNotFound [http-nio-8080-exec-5] No endpoint GET /api/v1/api/v1/albums/1/photos/2/download-photo.
2026-01-28 15:15:21,328 [WARN] org.springframework.web.servlet.PageNotFound [http-nio-8080-exec-4] No mapping for GET /api/v1/api/v1/albums/1/photos/5/download-photo
2026-01-28 15:15:21,328 [WARN] org.springframework.web.servlet.PageNotFound [http-nio-8080-exec-6] No mapping for GET /api/v1/api/v1/albums/1/photos/6/download-photo
2026-01-28 15:15:21,328 [WARN] org.springframework.web.servlet.PageNotFound [http-nio-8080-exec-4] No endpoint GET /api/v1/api/v1/albums/1/photos/5/download-photo.
2026-01-28 15:15:21,330 [WARN] org.springframework.web.servlet.PageNotFound [http-nio-8080-exec-6] No endpoint GET /api/v1/api/v1/albums/1/photos/6/download-photo.
2026-01-28 15:15:21,330 [WARN] org.springframework.web.servlet.PageNotFound [http-nio-8080-exec-10] No mapping for GET /api/v1/api/v1/albums/1/photos/3/download-photo
2026-01-28 15:15:21,330 [WARN] org.springframework.web.servlet.PageNotFound [http-nio-8080-exec-3] No mapping for GET /api/v1/api/v1/albums/1/photos/4/download-photo
2026-01-28 15:15:21,330 [WARN] org.springframework.web.servlet.PageNotFound [http-nio-8080-exec-3] No endpoint GET /api/v1/api/v1/albums/1/photos/4/download-photo.
2026-01-28 15:15:21,330 [WARN] org.springframework.web.servlet.PageNotFound [http-nio-8080-exec-10] No endpoint GET /api/v1/api/v1/albums/1/photos/3/download-photo.
2026-01-28 15:16:44,662 [INFO] org.springframework.orm.jpa.LocalContainerEntityManagerFactoryBean [SpringApplicationShutdownHook] Closing JPA EntityManagerFactory for persistence unit 'default'
2026-01-28 15:16:44,670 [WARN] org.hibernate.engine.jdbc.spi.SqlExceptionHelper [SpringApplicationShutdownHook] SQL Error: 90121, SQLState: 90121
2026-01-28 15:16:44,670 [ERROR] org.hibernate.engine.jdbc.spi.SqlExceptionHelper [SpringApplicationShutdownHook] Database is already closed (to disable automatic closing at VM shutdown, add ";DB_CLOSE_ON_EXIT=FALSE" to the db URL) [90121-224]
2026-01-28 15:16:44,675 [WARN] org.hibernate.engine.jdbc.spi.SqlExceptionHelper [SpringApplicationShutdownHook] SQL Error: 90121, SQLState: 90121
2026-01-28 15:16:44,675 [ERROR] org.hibernate.engine.jdbc.spi.SqlExceptionHelper [SpringApplicationShutdownHook] Database is already closed (to disable automatic closing at VM shutdown, add ";DB_CLOSE_ON_EXIT=FALSE" to the db URL) [90121-224]
2026-01-28 15:16:44,675 [WARN] org.springframework.beans.factory.support.DisposableBeanAdapter [SpringApplicationShutdownHook] Invocation of destroy method failed on bean with name 'entityManagerFactory': org.hibernate.exception.JDBCConnectionException: Unable to release JDBC Connection used for DDL execution [Database is already closed (to disable automatic closing at VM shutdown, add ";DB_CLOSE_ON_EXIT=FALSE" to the db URL) [90121-224]] [n/a]
2026-01-28 15:16:44,676 [INFO] com.zaxxer.hikari.HikariDataSource [SpringApplicationShutdownHook] HikariPool-1 - Shutdown initiated...
2026-01-28 15:16:44,949 [INFO] com.zaxxer.hikari.HikariDataSource [SpringApplicationShutdownHook] HikariPool-1 - Shutdown completed.
2026-01-28 15:16:49,756 [INFO] org.studyeasy._9springreact.Application [main] Starting Application using Java 21.0.9 with PID 18368 (C:\Users\barba\IdeaProjects\52ReactProject\backend\target\classes started by barba in C:\Users\barba\IdeaProjects\52ReactProject\backend)
2026-01-28 15:16:49,757 [DEBUG] org.studyeasy._9springreact.Application [main] Running with Spring Boot v3.3.4, Spring v6.1.13
2026-01-28 15:16:49,758 [INFO] org.studyeasy._9springreact.Application [main] No active profile set, falling back to 1 default profile: "default"
2026-01-28 15:16:50,524 [INFO] org.springframework.data.repository.config.RepositoryConfigurationDelegate [main] Bootstrapping Spring Data JPA repositories in DEFAULT mode.
2026-01-28 15:16:50,579 [INFO] org.springframework.data.repository.config.RepositoryConfigurationDelegate [main] Finished Spring Data repository scanning in 49 ms. Found 3 JPA repository interfaces.
2026-01-28 15:16:50,992 [INFO] org.springframework.boot.web.embedded.tomcat.TomcatWebServer [main] Tomcat initialized with port 8080 (http)
2026-01-28 15:16:51,002 [INFO] org.apache.catalina.core.StandardService [main] Starting service [Tomcat]
2026-01-28 15:16:51,003 [INFO] org.apache.catalina.core.StandardEngine [main] Starting Servlet engine: [Apache Tomcat/10.1.30]
2026-01-28 15:16:51,065 [INFO] org.apache.catalina.core.ContainerBase.[Tomcat].[localhost].[/] [main] Initializing Spring embedded WebApplicationContext
2026-01-28 15:16:51,065 [INFO] org.springframework.boot.web.servlet.context.ServletWebServerApplicationContext [main] Root WebApplicationContext: initialization completed in 1254 ms
2026-01-28 15:16:51,090 [INFO] com.zaxxer.hikari.HikariDataSource [main] HikariPool-1 - Starting...
2026-01-28 15:16:51,292 [INFO] com.zaxxer.hikari.pool.HikariPool [main] HikariPool-1 - Added connection conn0: url=jdbc:h2:file:./db/db user=ADMIN
2026-01-28 15:16:51,294 [INFO] com.zaxxer.hikari.HikariDataSource [main] HikariPool-1 - Start completed.
2026-01-28 15:16:51,303 [INFO] org.springframework.boot.autoconfigure.h2.H2ConsoleAutoConfiguration [main] H2 console available at '/db-console'. Database available at 'jdbc:h2:file:./db/db'
2026-01-28 15:16:51,406 [INFO] org.hibernate.jpa.internal.util.LogHelper [main] HHH000204: Processing PersistenceUnitInfo [name: default]
2026-01-28 15:16:51,449 [INFO] org.hibernate.Version [main] HHH000412: Hibernate ORM core version 6.5.3.Final
2026-01-28 15:16:51,482 [INFO] org.hibernate.cache.internal.RegionFactoryInitiator [main] HHH000026: Second-level cache disabled
2026-01-28 15:16:51,726 [INFO] org.springframework.orm.jpa.persistenceunit.SpringPersistenceUnitInfo [main] No LoadTimeWeaver setup: ignoring JPA class transformer
2026-01-28 15:16:51,767 [WARN] org.hibernate.orm.deprecation [main] HHH90000025: H2Dialect does not need to be specified explicitly using 'hibernate.dialect' (remove the property setting and it will be selected by default)
2026-01-28 15:16:52,588 [INFO] org.hibernate.engine.transaction.jta.platform.internal.JtaPlatformInitiator [main] HHH000489: No JTA platform available (set 'hibernate.transaction.jta.platform' to enable JTA platform integration)
2026-01-28 15:16:52,636 [INFO] org.springframework.orm.jpa.LocalContainerEntityManagerFactoryBean [main] Initialized JPA EntityManagerFactory for persistence unit 'default'
2026-01-28 15:16:54,933 [WARN] org.springframework.boot.autoconfigure.orm.jpa.JpaBaseConfiguration$JpaWebConfiguration [main] spring.jpa.open-in-view is enabled by default. Therefore, database queries may be performed during view rendering. Explicitly configure spring.jpa.open-in-view to disable this warning
2026-01-28 15:16:54,947 [INFO] org.springframework.security.config.annotation.authentication.configuration.InitializeUserDetailsBeanManagerConfigurer$InitializeUserDetailsManagerConfigurer [main] Global AuthenticationManager configured with UserDetailsService bean with name accountService
2026-01-28 15:16:55,434 [INFO] org.springframework.boot.web.embedded.tomcat.TomcatWebServer [main] Tomcat started on port 8080 (http) with context path '/'
2026-01-28 15:16:55,441 [INFO] org.studyeasy._9springreact.Application [main] Started Application in 6.163 seconds (process running for 7.192)
2026-01-28 15:23:11,302 [INFO] org.apache.catalina.core.ContainerBase.[Tomcat].[localhost].[/] [http-nio-8080-exec-1] Initializing Spring DispatcherServlet 'dispatcherServlet'
2026-01-28 15:23:11,302 [INFO] org.springframework.web.servlet.DispatcherServlet [http-nio-8080-exec-1] Initializing Servlet 'dispatcherServlet'
2026-01-28 15:23:11,303 [INFO] org.springframework.web.servlet.DispatcherServlet [http-nio-8080-exec-1] Completed initialization in 1 ms
2026-01-28 15:32:45,916 [INFO] org.springframework.orm.jpa.LocalContainerEntityManagerFactoryBean [SpringApplicationShutdownHook] Closing JPA EntityManagerFactory for persistence unit 'default'
2026-01-28 15:32:45,936 [INFO] com.zaxxer.hikari.HikariDataSource [SpringApplicationShutdownHook] HikariPool-1 - Shutdown initiated...
2026-01-28 15:32:45,972 [INFO] com.zaxxer.hikari.HikariDataSource [SpringApplicationShutdownHook] HikariPool-1 - Shutdown completed.
2026-01-28 15:32:49,024 [INFO] org.studyeasy._9springreact.Application [main] Starting Application using Java 21.0.9 with PID 4648 (C:\Users\barba\IdeaProjects\52ReactProject\backend\target\classes started by barba in C:\Users\barba\IdeaProjects\52ReactProject\backend)
2026-01-28 15:32:49,025 [DEBUG] org.studyeasy._9springreact.Application [main] Running with Spring Boot v3.3.4, Spring v6.1.13
2026-01-28 15:32:49,027 [INFO] org.studyeasy._9springreact.Application [main] No active profile set, falling back to 1 default profile: "default"
2026-01-28 15:32:51,761 [INFO] org.springframework.data.repository.config.RepositoryConfigurationDelegate [main] Bootstrapping Spring Data JPA repositories in DEFAULT mode.
2026-01-28 15:32:52,323 [INFO] org.springframework.data.repository.config.RepositoryConfigurationDelegate [main] Finished Spring Data repository scanning in 546 ms. Found 3 JPA repository interfaces.
2026-01-28 15:32:53,015 [INFO] org.springframework.boot.web.embedded.tomcat.TomcatWebServer [main] Tomcat initialized with port 8080 (http)
2026-01-28 15:32:53,033 [INFO] org.apache.catalina.core.StandardService [main] Starting service [Tomcat]
2026-01-28 15:32:53,034 [INFO] org.apache.catalina.core.StandardEngine [main] Starting Servlet engine: [Apache Tomcat/10.1.30]
2026-01-28 15:32:53,119 [INFO] org.apache.catalina.core.ContainerBase.[Tomcat].[localhost].[/] [main] Initializing Spring embedded WebApplicationContext
2026-01-28 15:32:53,119 [INFO] org.springframework.boot.web.servlet.context.ServletWebServerApplicationContext [main] Root WebApplicationContext: initialization completed in 4038 ms
2026-01-28 15:32:53,161 [INFO] com.zaxxer.hikari.HikariDataSource [main] HikariPool-1 - Starting...
2026-01-28 15:32:53,478 [INFO] com.zaxxer.hikari.pool.HikariPool [main] HikariPool-1 - Added connection conn0: url=jdbc:h2:file:./db/db user=ADMIN
2026-01-28 15:32:53,482 [INFO] com.zaxxer.hikari.HikariDataSource [main] HikariPool-1 - Start completed.
2026-01-28 15:32:53,507 [INFO] org.springframework.boot.autoconfigure.h2.H2ConsoleAutoConfiguration [main] H2 console available at '/db-console'. Database available at 'jdbc:h2:file:./db/db'
2026-01-28 15:32:53,715 [INFO] org.hibernate.jpa.internal.util.LogHelper [main] HHH000204: Processing PersistenceUnitInfo [name: default]
2026-01-28 15:32:53,794 [INFO] org.hibernate.Version [main] HHH000412: Hibernate ORM core version 6.5.3.Final
2026-01-28 15:32:53,848 [INFO] org.hibernate.cache.internal.RegionFactoryInitiator [main] HHH000026: Second-level cache disabled
2026-01-28 15:32:54,319 [INFO] org.springframework.orm.jpa.persistenceunit.SpringPersistenceUnitInfo [main] No LoadTimeWeaver setup: ignoring JPA class transformer
2026-01-28 15:32:54,403 [WARN] org.hibernate.orm.deprecation [main] HHH90000025: H2Dialect does not need to be specified explicitly using 'hibernate.dialect' (remove the property setting and it will be selected by default)
2026-01-28 15:32:56,273 [INFO] org.hibernate.engine.transaction.jta.platform.internal.JtaPlatformInitiator [main] HHH000489: No JTA platform available (set 'hibernate.transaction.jta.platform' to enable JTA platform integration)
2026-01-28 15:32:56,326 [INFO] org.springframework.orm.jpa.LocalContainerEntityManagerFactoryBean [main] Initialized JPA EntityManagerFactory for persistence unit 'default'
2026-01-28 15:32:57,691 [WARN] org.springframework.boot.autoconfigure.orm.jpa.JpaBaseConfiguration$JpaWebConfiguration [main] spring.jpa.open-in-view is enabled by default. Therefore, database queries may be performed during view rendering. Explicitly configure spring.jpa.open-in-view to disable this warning
2026-01-28 15:32:57,705 [INFO] org.springframework.security.config.annotation.authentication.configuration.InitializeUserDetailsBeanManagerConfigurer$InitializeUserDetailsManagerConfigurer [main] Global AuthenticationManager configured with UserDetailsService bean with name accountService
2026-01-28 15:32:58,224 [INFO] org.springframework.boot.web.embedded.tomcat.TomcatWebServer [main] Tomcat started on port 8080 (http) with context path '/'
2026-01-28 15:32:58,231 [INFO] org.studyeasy._9springreact.Application [main] Started Application in 9.791 seconds (process running for 10.808)
2026-01-28 15:32:59,711 [INFO] org.apache.catalina.core.ContainerBase.[Tomcat].[localhost].[/] [http-nio-8080-exec-1] Initializing Spring DispatcherServlet 'dispatcherServlet'
2026-01-28 15:32:59,826 [INFO] org.springframework.web.servlet.DispatcherServlet [http-nio-8080-exec-1] Initializing Servlet 'dispatcherServlet'
2026-01-28 15:33:00,132 [INFO] org.springframework.web.servlet.DispatcherServlet [http-nio-8080-exec-1] Completed initialization in 305 ms
2026-01-28 15:33:01,333 [INFO] org.springdoc.api.AbstractOpenApiResource [http-nio-8080-exec-9] Init duration for springdoc-openapi is: 428 ms
2026-01-28 16:05:51,567 [WARN] org.springframework.web.servlet.PageNotFound [http-nio-8080-exec-2] No mapping for GET /api/v1/api/v1/albums/1/photos/1/download-photo
2026-01-28 16:05:51,569 [WARN] org.springframework.web.servlet.PageNotFound [http-nio-8080-exec-2] No endpoint GET /api/v1/api/v1/albums/1/photos/1/download-photo.
2026-01-28 16:05:51,789 [WARN] org.springframework.web.servlet.PageNotFound [http-nio-8080-exec-8] No mapping for GET /api/v1/api/v1/albums/1/photos/2/download-photo
2026-01-28 16:05:51,789 [WARN] org.springframework.web.servlet.PageNotFound [http-nio-8080-exec-8] No endpoint GET /api/v1/api/v1/albums/1/photos/2/download-photo.
2026-01-28 16:05:51,826 [WARN] org.springframework.web.servlet.PageNotFound [http-nio-8080-exec-9] No mapping for GET /api/v1/api/v1/albums/1/photos/1/download-photo
2026-01-28 16:05:51,826 [WARN] org.springframework.web.servlet.PageNotFound [http-nio-8080-exec-6] No mapping for GET /api/v1/api/v1/albums/1/photos/3/download-photo
2026-01-28 16:05:51,826 [WARN] org.springframework.web.servlet.PageNotFound [http-nio-8080-exec-10] No mapping for GET /api/v1/api/v1/albums/1/photos/2/download-photo
2026-01-28 16:05:51,826 [WARN] org.springframework.web.servlet.PageNotFound [http-nio-8080-exec-10] No endpoint GET /api/v1/api/v1/albums/1/photos/2/download-photo.
2026-01-28 16:05:51,826 [WARN] org.springframework.web.servlet.PageNotFound [http-nio-8080-exec-9] No endpoint GET /api/v1/api/v1/albums/1/photos/1/download-photo.
2026-01-28 16:05:51,826 [WARN] org.springframework.web.servlet.PageNotFound [http-nio-8080-exec-6] No endpoint GET /api/v1/api/v1/albums/1/photos/3/download-photo.
2026-01-28 16:05:51,901 [WARN] org.springframework.web.servlet.PageNotFound [http-nio-8080-exec-1] No mapping for GET /api/v1/api/v1/albums/1/photos/3/download-photo
2026-01-28 16:05:51,901 [WARN] org.springframework.web.servlet.PageNotFound [http-nio-8080-exec-1] No endpoint GET /api/v1/api/v1/albums/1/photos/3/download-photo.
2026-01-28 16:05:56,488 [WARN] org.springframework.web.servlet.PageNotFound [http-nio-8080-exec-4] No mapping for GET /api/v1/api/v1/albums/1/photos/1/download-photo
2026-01-28 16:05:56,489 [WARN] org.springframework.web.servlet.PageNotFound [http-nio-8080-exec-4] No endpoint GET /api/v1/api/v1/albums/1/photos/1/download-photo.
2026-01-28 16:05:58,200 [WARN] org.springframework.web.servlet.PageNotFound [http-nio-8080-exec-3] No mapping for GET /api/v1/api/v1/albums/1/photos/3/download-photo
2026-01-28 16:05:58,200 [WARN] org.springframework.web.servlet.PageNotFound [http-nio-8080-exec-3] No endpoint GET /api/v1/api/v1/albums/1/photos/3/download-photo.
2026-01-28 16:05:58,208 [WARN] org.springframework.web.servlet.PageNotFound [http-nio-8080-exec-5] No mapping for GET /api/v1/api/v1/albums/1/photos/2/download-photo
2026-01-28 16:05:58,208 [WARN] org.springframework.web.servlet.PageNotFound [http-nio-8080-exec-5] No endpoint GET /api/v1/api/v1/albums/1/photos/2/download-photo.
2026-01-28 16:49:55,930 [WARN] org.springframework.web.servlet.PageNotFound [http-nio-8080-exec-7] No mapping for GET /api/v1/albums/1/photos/2/download-thumbnail
2026-01-28 16:49:55,930 [WARN] org.springframework.web.servlet.PageNotFound [http-nio-8080-exec-5] No mapping for GET /api/v1/albums/1/photos/3/download-thumbnail
2026-01-28 16:49:55,930 [WARN] org.springframework.web.servlet.PageNotFound [http-nio-8080-exec-10] No mapping for GET /api/v1/albums/1/photos/4/download-thumbnail
2026-01-28 16:49:55,931 [WARN] org.springframework.web.servlet.PageNotFound [http-nio-8080-exec-7] No endpoint GET /api/v1/albums/1/photos/2/download-thumbnail.
2026-01-28 16:49:55,931 [WARN] org.springframework.web.servlet.PageNotFound [http-nio-8080-exec-10] No endpoint GET /api/v1/albums/1/photos/4/download-thumbnail.
2026-01-28 16:49:55,931 [WARN] org.springframework.web.servlet.PageNotFound [http-nio-8080-exec-5] No endpoint GET /api/v1/albums/1/photos/3/download-thumbnail.
2026-01-28 16:49:56,237 [WARN] org.springframework.web.servlet.PageNotFound [http-nio-8080-exec-9] No mapping for GET /api/v1/albums/1/photos/5/download-thumbnail
2026-01-28 16:49:56,238 [WARN] org.springframework.web.servlet.PageNotFound [http-nio-8080-exec-3] No mapping for GET /api/v1/albums/1/photos/6/download-thumbnail
2026-01-28 16:49:56,238 [WARN] org.springframework.web.servlet.PageNotFound [http-nio-8080-exec-9] No endpoint GET /api/v1/albums/1/photos/5/download-thumbnail.
2026-01-28 16:49:56,239 [WARN] org.springframework.web.servlet.PageNotFound [http-nio-8080-exec-3] No endpoint GET /api/v1/albums/1/photos/6/download-thumbnail.
2026-01-28 16:50:13,664 [WARN] org.springframework.web.servlet.PageNotFound [http-nio-8080-exec-6] No mapping for GET /api/v1/albums/1/photos/2/download-thumbnail
2026-01-28 16:50:13,665 [WARN] org.springframework.web.servlet.PageNotFound [http-nio-8080-exec-6] No endpoint GET /api/v1/albums/1/photos/2/download-thumbnail.
2026-01-28 16:50:13,991 [WARN] org.springframework.web.servlet.PageNotFound [http-nio-8080-exec-8] No mapping for GET /api/v1/albums/1/photos/3/download-thumbnail
2026-01-28 16:50:13,991 [WARN] org.springframework.web.servlet.PageNotFound [http-nio-8080-exec-5] No mapping for GET /api/v1/albums/1/photos/2/download-thumbnail
2026-01-28 16:50:13,991 [WARN] org.springframework.web.servlet.PageNotFound [http-nio-8080-exec-10] No mapping for GET /api/v1/albums/1/photos/6/download-thumbnail
2026-01-28 16:50:13,991 [WARN] org.springframework.web.servlet.PageNotFound [http-nio-8080-exec-4] No mapping for GET /api/v1/albums/1/photos/4/download-thumbnail
2026-01-28 16:50:13,992 [WARN] org.springframework.web.servlet.PageNotFound [http-nio-8080-exec-4] No endpoint GET /api/v1/albums/1/photos/4/download-thumbnail.
2026-01-28 16:50:13,992 [WARN] org.springframework.web.servlet.PageNotFound [http-nio-8080-exec-5] No endpoint GET /api/v1/albums/1/photos/2/download-thumbnail.
2026-01-28 16:50:13,992 [WARN] org.springframework.web.servlet.PageNotFound [http-nio-8080-exec-10] No endpoint GET /api/v1/albums/1/photos/6/download-thumbnail.
2026-01-28 16:50:13,992 [WARN] org.springframework.web.servlet.PageNotFound [http-nio-8080-exec-7] No mapping for GET /api/v1/albums/1/photos/5/download-thumbnail
2026-01-28 16:50:13,992 [WARN] org.springframework.web.servlet.PageNotFound [http-nio-8080-exec-8] No endpoint GET /api/v1/albums/1/photos/3/download-thumbnail.
2026-01-28 16:50:13,992 [WARN] org.springframework.web.servlet.PageNotFound [http-nio-8080-exec-7] No endpoint GET /api/v1/albums/1/photos/5/download-thumbnail.
2026-01-28 16:50:14,319 [WARN] org.springframework.web.servlet.PageNotFound [http-nio-8080-exec-2] No mapping for GET /api/v1/albums/1/photos/3/download-thumbnail
2026-01-28 16:50:14,319 [WARN] org.springframework.web.servlet.PageNotFound [http-nio-8080-exec-1] No mapping for GET /api/v1/albums/1/photos/4/download-thumbnail
2026-01-28 16:50:14,319 [WARN] org.springframework.web.servlet.PageNotFound [http-nio-8080-exec-9] No mapping for GET /api/v1/albums/1/photos/6/download-thumbnail
2026-01-28 16:50:14,319 [WARN] org.springframework.web.servlet.PageNotFound [http-nio-8080-exec-3] No mapping for GET /api/v1/albums/1/photos/5/download-thumbnail
2026-01-28 16:50:14,320 [WARN] org.springframework.web.servlet.PageNotFound [http-nio-8080-exec-9] No endpoint GET /api/v1/albums/1/photos/6/download-thumbnail.
2026-01-28 16:50:14,320 [WARN] org.springframework.web.servlet.PageNotFound [http-nio-8080-exec-2] No endpoint GET /api/v1/albums/1/photos/3/download-thumbnail.
2026-01-28 16:50:14,320 [WARN] org.springframework.web.servlet.PageNotFound [http-nio-8080-exec-1] No endpoint GET /api/v1/albums/1/photos/4/download-thumbnail.
2026-01-28 16:50:14,320 [WARN] org.springframework.web.servlet.PageNotFound [http-nio-8080-exec-3] No endpoint GET /api/v1/albums/1/photos/5/download-thumbnail.
2026-01-28 16:50:20,823 [WARN] org.springframework.web.servlet.PageNotFound [http-nio-8080-exec-9] No mapping for GET /api/v1/albums/1/photos/4/download-thumbnail
2026-01-28 16:50:20,823 [WARN] org.springframework.web.servlet.PageNotFound [http-nio-8080-exec-3] No mapping for GET /api/v1/albums/1/photos/5/download-thumbnail
2026-01-28 16:50:20,824 [WARN] org.springframework.web.servlet.PageNotFound [http-nio-8080-exec-9] No endpoint GET /api/v1/albums/1/photos/4/download-thumbnail.
2026-01-28 16:50:20,824 [WARN] org.springframework.web.servlet.PageNotFound [http-nio-8080-exec-1] No mapping for GET /api/v1/albums/1/photos/6/download-thumbnail
2026-01-28 16:50:20,824 [WARN] org.springframework.web.servlet.PageNotFound [http-nio-8080-exec-3] No endpoint GET /api/v1/albums/1/photos/5/download-thumbnail.
2026-01-28 16:50:20,824 [WARN] org.springframework.web.servlet.PageNotFound [http-nio-8080-exec-8] No mapping for GET /api/v1/albums/1/photos/2/download-thumbnail
2026-01-28 16:50:20,824 [WARN] org.springframework.web.servlet.PageNotFound [http-nio-8080-exec-10] No mapping for GET /api/v1/albums/1/photos/3/download-thumbnail
2026-01-28 16:50:20,824 [WARN] org.springframework.web.servlet.PageNotFound [http-nio-8080-exec-10] No endpoint GET /api/v1/albums/1/photos/3/download-thumbnail.
2026-01-28 16:50:20,824 [WARN] org.springframework.web.servlet.PageNotFound [http-nio-8080-exec-1] No endpoint GET /api/v1/albums/1/photos/6/download-thumbnail.
2026-01-28 16:50:20,824 [WARN] org.springframework.web.servlet.PageNotFound [http-nio-8080-exec-8] No endpoint GET /api/v1/albums/1/photos/2/download-thumbnail.
2026-01-28 16:50:21,158 [WARN] org.springframework.web.servlet.PageNotFound [http-nio-8080-exec-6] No mapping for GET /api/v1/albums/1/photos/3/download-thumbnail
2026-01-28 16:50:21,158 [WARN] org.springframework.web.servlet.PageNotFound [http-nio-8080-exec-4] No mapping for GET /api/v1/albums/1/photos/2/download-thumbnail
2026-01-28 16:50:21,159 [WARN] org.springframework.web.servlet.PageNotFound [http-nio-8080-exec-2] No mapping for GET /api/v1/albums/1/photos/4/download-thumbnail
2026-01-28 16:50:21,159 [WARN] org.springframework.web.servlet.PageNotFound [http-nio-8080-exec-6] No endpoint GET /api/v1/albums/1/photos/3/download-thumbnail.
2026-01-28 16:50:21,159 [WARN] org.springframework.web.servlet.PageNotFound [http-nio-8080-exec-5] No mapping for GET /api/v1/albums/1/photos/5/download-thumbnail
2026-01-28 16:50:21,159 [WARN] org.springframework.web.servlet.PageNotFound [http-nio-8080-exec-4] No endpoint GET /api/v1/albums/1/photos/2/download-thumbnail.
2026-01-28 16:50:21,159 [WARN] org.springframework.web.servlet.PageNotFound [http-nio-8080-exec-7] No mapping for GET /api/v1/albums/1/photos/6/download-thumbnail
2026-01-28 16:50:21,160 [WARN] org.springframework.web.servlet.PageNotFound [http-nio-8080-exec-5] No endpoint GET /api/v1/albums/1/photos/5/download-thumbnail.
2026-01-28 16:50:21,159 [WARN] org.springframework.web.servlet.PageNotFound [http-nio-8080-exec-2] No endpoint GET /api/v1/albums/1/photos/4/download-thumbnail.
2026-01-28 16:50:21,160 [WARN] org.springframework.web.servlet.PageNotFound [http-nio-8080-exec-7] No endpoint GET /api/v1/albums/1/photos/6/download-thumbnail.
2026-01-28 16:50:26,867 [WARN] org.springframework.web.servlet.PageNotFound [http-nio-8080-exec-3] No mapping for GET /api/v1/albums/1/photos/2/download-thumbnail
2026-01-28 16:50:26,867 [WARN] org.springframework.web.servlet.PageNotFound [http-nio-8080-exec-3] No endpoint GET /api/v1/albums/1/photos/2/download-thumbnail.
2026-01-28 16:50:27,086 [WARN] org.springframework.web.servlet.PageNotFound [http-nio-8080-exec-6] No mapping for GET /api/v1/albums/1/photos/5/download-thumbnail
2026-01-28 16:50:27,086 [WARN] org.springframework.web.servlet.PageNotFound [http-nio-8080-exec-4] No mapping for GET /api/v1/albums/1/photos/6/download-thumbnail
2026-01-28 16:50:27,086 [WARN] org.springframework.web.servlet.PageNotFound [http-nio-8080-exec-6] No endpoint GET /api/v1/albums/1/photos/5/download-thumbnail.
2026-01-28 16:50:27,086 [WARN] org.springframework.web.servlet.PageNotFound [http-nio-8080-exec-4] No endpoint GET /api/v1/albums/1/photos/6/download-thumbnail.
2026-01-28 16:50:27,086 [WARN] org.springframework.web.servlet.PageNotFound [http-nio-8080-exec-8] No mapping for GET /api/v1/albums/1/photos/4/download-thumbnail
2026-01-28 16:50:27,086 [WARN] org.springframework.web.servlet.PageNotFound [http-nio-8080-exec-1] No mapping for GET /api/v1/albums/1/photos/3/download-thumbnail
2026-01-28 16:50:27,087 [WARN] org.springframework.web.servlet.PageNotFound [http-nio-8080-exec-1] No endpoint GET /api/v1/albums/1/photos/3/download-thumbnail.
2026-01-28 16:50:27,087 [WARN] org.springframework.web.servlet.PageNotFound [http-nio-8080-exec-8] No endpoint GET /api/v1/albums/1/photos/4/download-thumbnail.
2026-01-28 16:50:27,183 [WARN] org.springframework.web.servlet.PageNotFound [http-nio-8080-exec-5] No mapping for GET /api/v1/albums/1/photos/2/download-thumbnail
2026-01-28 16:50:27,184 [WARN] org.springframework.web.servlet.PageNotFound [http-nio-8080-exec-5] No endpoint GET /api/v1/albums/1/photos/2/download-thumbnail.
2026-01-28 16:50:27,404 [WARN] org.springframework.web.servlet.PageNotFound [http-nio-8080-exec-2] No mapping for GET /api/v1/albums/1/photos/5/download-thumbnail
2026-01-28 16:50:27,404 [WARN] org.springframework.web.servlet.PageNotFound [http-nio-8080-exec-9] No mapping for GET /api/v1/albums/1/photos/3/download-thumbnail
2026-01-28 16:50:27,404 [WARN] org.springframework.web.servlet.PageNotFound [http-nio-8080-exec-2] No endpoint GET /api/v1/albums/1/photos/5/download-thumbnail.
2026-01-28 16:50:27,405 [WARN] org.springframework.web.servlet.PageNotFound [http-nio-8080-exec-9] No endpoint GET /api/v1/albums/1/photos/3/download-thumbnail.
2026-01-28 16:50:27,405 [WARN] org.springframework.web.servlet.PageNotFound [http-nio-8080-exec-7] No mapping for GET /api/v1/albums/1/photos/6/download-thumbnail
2026-01-28 16:50:27,405 [WARN] org.springframework.web.servlet.PageNotFound [http-nio-8080-exec-10] No mapping for GET /api/v1/albums/1/photos/4/download-thumbnail
2026-01-28 16:50:27,405 [WARN] org.springframework.web.servlet.PageNotFound [http-nio-8080-exec-10] No endpoint GET /api/v1/albums/1/photos/4/download-thumbnail.
2026-01-28 16:50:27,405 [WARN] org.springframework.web.servlet.PageNotFound [http-nio-8080-exec-7] No endpoint GET /api/v1/albums/1/photos/6/download-thumbnail.
2026-01-28 16:51:13,991 [WARN] org.springframework.web.servlet.PageNotFound [http-nio-8080-exec-8] No mapping for GET /api/v1/albums/1/photos/2/download-thumbnail
2026-01-28 16:51:13,991 [WARN] org.springframework.web.servlet.PageNotFound [http-nio-8080-exec-10] No mapping for GET /api/v1/albums/1/photos/6/download-thumbnail
2026-01-28 16:51:13,991 [WARN] org.springframework.web.servlet.PageNotFound [http-nio-8080-exec-7] No mapping for GET /api/v1/albums/1/photos/4/download-thumbnail
2026-01-28 16:51:13,992 [WARN] org.springframework.web.servlet.PageNotFound [http-nio-8080-exec-8] No endpoint GET /api/v1/albums/1/photos/2/download-thumbnail.
2026-01-28 16:51:13,992 [WARN] org.springframework.web.servlet.PageNotFound [http-nio-8080-exec-7] No endpoint GET /api/v1/albums/1/photos/4/download-thumbnail.
2026-01-28 16:51:13,992 [WARN] org.springframework.web.servlet.PageNotFound [http-nio-8080-exec-10] No endpoint GET /api/v1/albums/1/photos/6/download-thumbnail.
2026-01-28 16:51:13,993 [WARN] org.springframework.web.servlet.PageNotFound [http-nio-8080-exec-2] No mapping for GET /api/v1/albums/1/photos/5/download-thumbnail
2026-01-28 16:51:13,993 [WARN] org.springframework.web.servlet.PageNotFound [http-nio-8080-exec-5] No mapping for GET /api/v1/albums/1/photos/3/download-thumbnail
2026-01-28 16:51:13,993 [WARN] org.springframework.web.servlet.PageNotFound [http-nio-8080-exec-5] No endpoint GET /api/v1/albums/1/photos/3/download-thumbnail.
2026-01-28 16:51:13,993 [WARN] org.springframework.web.servlet.PageNotFound [http-nio-8080-exec-2] No endpoint GET /api/v1/albums/1/photos/5/download-thumbnail.
2026-01-28 16:51:14,322 [WARN] org.springframework.web.servlet.PageNotFound [http-nio-8080-exec-9] No mapping for GET /api/v1/albums/1/photos/2/download-thumbnail
2026-01-28 16:51:14,323 [WARN] org.springframework.web.servlet.PageNotFound [http-nio-8080-exec-6] No mapping for GET /api/v1/albums/1/photos/4/download-thumbnail
2026-01-28 16:51:14,323 [WARN] org.springframework.web.servlet.PageNotFound [http-nio-8080-exec-9] No endpoint GET /api/v1/albums/1/photos/2/download-thumbnail.
2026-01-28 16:51:14,323 [WARN] org.springframework.web.servlet.PageNotFound [http-nio-8080-exec-1] No mapping for GET /api/v1/albums/1/photos/5/download-thumbnail
2026-01-28 16:51:14,323 [WARN] org.springframework.web.servlet.PageNotFound [http-nio-8080-exec-6] No endpoint GET /api/v1/albums/1/photos/4/download-thumbnail.
2026-01-28 16:51:14,323 [WARN] org.springframework.web.servlet.PageNotFound [http-nio-8080-exec-4] No mapping for GET /api/v1/albums/1/photos/3/download-thumbnail
2026-01-28 16:51:14,323 [WARN] org.springframework.web.servlet.PageNotFound [http-nio-8080-exec-4] No endpoint GET /api/v1/albums/1/photos/3/download-thumbnail.
2026-01-28 16:51:14,323 [WARN] org.springframework.web.servlet.PageNotFound [http-nio-8080-exec-3] No mapping for GET /api/v1/albums/1/photos/6/download-thumbnail
2026-01-28 16:51:14,324 [WARN] org.springframework.web.servlet.PageNotFound [http-nio-8080-exec-1] No endpoint GET /api/v1/albums/1/photos/5/download-thumbnail.
2026-01-28 16:51:14,324 [WARN] org.springframework.web.servlet.PageNotFound [http-nio-8080-exec-3] No endpoint GET /api/v1/albums/1/photos/6/download-thumbnail.
2026-01-28 16:53:29,609 [INFO] org.springframework.orm.jpa.LocalContainerEntityManagerFactoryBean [SpringApplicationShutdownHook] Closing JPA EntityManagerFactory for persistence unit 'default'
2026-01-28 16:53:29,633 [INFO] com.zaxxer.hikari.HikariDataSource [SpringApplicationShutdownHook] HikariPool-1 - Shutdown initiated...
2026-01-28 16:53:29,674 [INFO] com.zaxxer.hikari.HikariDataSource [SpringApplicationShutdownHook] HikariPool-1 - Shutdown completed.
2026-01-28 16:53:34,528 [INFO] org.studyeasy._9springreact.Application [main] Starting Application using Java 21.0.9 with PID 16012 (C:\Users\barba\IdeaProjects\52ReactProject\backend\target\classes started by barba in C:\Users\barba\IdeaProjects\52ReactProject\backend)
2026-01-28 16:53:34,529 [DEBUG] org.studyeasy._9springreact.Application [main] Running with Spring Boot v3.3.4, Spring v6.1.13
2026-01-28 16:53:34,530 [INFO] org.studyeasy._9springreact.Application [main] No active profile set, falling back to 1 default profile: "default"
2026-01-28 16:53:35,408 [INFO] org.springframework.data.repository.config.RepositoryConfigurationDelegate [main] Bootstrapping Spring Data JPA repositories in DEFAULT mode.
2026-01-28 16:53:35,464 [INFO] org.springframework.data.repository.config.RepositoryConfigurationDelegate [main] Finished Spring Data repository scanning in 49 ms. Found 3 JPA repository interfaces.
2026-01-28 16:53:35,919 [INFO] org.springframework.boot.web.embedded.tomcat.TomcatWebServer [main] Tomcat initialized with port 8080 (http)
2026-01-28 16:53:35,930 [INFO] org.apache.catalina.core.StandardService [main] Starting service [Tomcat]
2026-01-28 16:53:35,930 [INFO] org.apache.catalina.core.StandardEngine [main] Starting Servlet engine: [Apache Tomcat/10.1.30]
2026-01-28 16:53:35,981 [INFO] org.apache.catalina.core.ContainerBase.[Tomcat].[localhost].[/] [main] Initializing Spring embedded WebApplicationContext
2026-01-28 16:53:35,981 [INFO] org.springframework.boot.web.servlet.context.ServletWebServerApplicationContext [main] Root WebApplicationContext: initialization completed in 1396 ms
2026-01-28 16:53:36,005 [INFO] com.zaxxer.hikari.HikariDataSource [main] HikariPool-1 - Starting...
2026-01-28 16:53:36,217 [INFO] com.zaxxer.hikari.pool.HikariPool [main] HikariPool-1 - Added connection conn0: url=jdbc:h2:file:./db/db user=ADMIN
2026-01-28 16:53:36,219 [INFO] com.zaxxer.hikari.HikariDataSource [main] HikariPool-1 - Start completed.
2026-01-28 16:53:36,228 [INFO] org.springframework.boot.autoconfigure.h2.H2ConsoleAutoConfiguration [main] H2 console available at '/db-console'. Database available at 'jdbc:h2:file:./db/db'
2026-01-28 16:53:36,335 [INFO] org.hibernate.jpa.internal.util.LogHelper [main] HHH000204: Processing PersistenceUnitInfo [name: default]
2026-01-28 16:53:36,381 [INFO] org.hibernate.Version [main] HHH000412: Hibernate ORM core version 6.5.3.Final
2026-01-28 16:53:36,409 [INFO] org.hibernate.cache.internal.RegionFactoryInitiator [main] HHH000026: Second-level cache disabled
2026-01-28 16:53:36,669 [INFO] org.springframework.orm.jpa.persistenceunit.SpringPersistenceUnitInfo [main] No LoadTimeWeaver setup: ignoring JPA class transformer
2026-01-28 16:53:36,712 [WARN] org.hibernate.orm.deprecation [main] HHH90000025: H2Dialect does not need to be specified explicitly using 'hibernate.dialect' (remove the property setting and it will be selected by default)
2026-01-28 16:53:37,551 [INFO] org.hibernate.engine.transaction.jta.platform.internal.JtaPlatformInitiator [main] HHH000489: No JTA platform available (set 'hibernate.transaction.jta.platform' to enable JTA platform integration)
2026-01-28 16:53:37,602 [INFO] org.springframework.orm.jpa.LocalContainerEntityManagerFactoryBean [main] Initialized JPA EntityManagerFactory for persistence unit 'default'
2026-01-28 16:53:38,720 [WARN] org.springframework.boot.autoconfigure.orm.jpa.JpaBaseConfiguration$JpaWebConfiguration [main] spring.jpa.open-in-view is enabled by default. Therefore, database queries may be performed during view rendering. Explicitly configure spring.jpa.open-in-view to disable this warning
2026-01-28 16:53:38,737 [INFO] org.springframework.security.config.annotation.authentication.configuration.InitializeUserDetailsBeanManagerConfigurer$InitializeUserDetailsManagerConfigurer [main] Global AuthenticationManager configured with UserDetailsService bean with name accountService
2026-01-28 16:53:39,263 [INFO] org.springframework.boot.web.embedded.tomcat.TomcatWebServer [main] Tomcat started on port 8080 (http) with context path '/'
2026-01-28 16:53:39,270 [INFO] org.studyeasy._9springreact.Application [main] Started Application in 5.169 seconds (process running for 5.782)
2026-01-28 16:53:40,296 [INFO] org.apache.catalina.core.ContainerBase.[Tomcat].[localhost].[/] [http-nio-8080-exec-1] Initializing Spring DispatcherServlet 'dispatcherServlet'
2026-01-28 16:53:40,297 [INFO] org.springframework.web.servlet.DispatcherServlet [http-nio-8080-exec-1] Initializing Servlet 'dispatcherServlet'
2026-01-28 16:53:40,299 [INFO] org.springframework.web.servlet.DispatcherServlet [http-nio-8080-exec-1] Completed initialization in 2 ms
2026-01-28 16:53:40,929 [INFO] org.springdoc.api.AbstractOpenApiResource [http-nio-8080-exec-9] Init duration for springdoc-openapi is: 328 ms
2026-01-28 17:47:48,586 [INFO] org.springframework.orm.jpa.LocalContainerEntityManagerFactoryBean [SpringApplicationShutdownHook] Closing JPA EntityManagerFactory for persistence unit 'default'
2026-01-28 17:47:48,636 [INFO] com.zaxxer.hikari.HikariDataSource [SpringApplicationShutdownHook] HikariPool-1 - Shutdown initiated...
2026-01-28 17:47:48,686 [INFO] com.zaxxer.hikari.HikariDataSource [SpringApplicationShutdownHook] HikariPool-1 - Shutdown completed.
